// 同步 ID: 3d7c7f9f @ Fri Jul 10 16:41:33 UTC 2026
// 同步 ID: 21a7fbcf @ Sat Jul 11 05:18:00 UTC 2026
// 重构日志: 06583959
// 同步 ID: be69583f @ Sun Jul 12 09:55:44 UTC 2026
// 重构日志: 203bfae0
// 重构日志: 24906093
// 同步 ID: 69a49e7a @ Sun Jul 12 20:03:32 UTC 2026
// 重构日志: d52fcb63
// 重构日志: 28cb44ca
// 重构日志: fe02f75d
// 重构日志: 7117d862
// 同步 ID: b9182dd3 @ Wed Jul 15 11:34:26 UTC 2026
// 重构日志: 51ebf925
// 重构日志: e951e108
// 同步 ID: cf1be888 @ Thu Jul 16 17:44:35 UTC 2026
// 同步 ID: bb08d30d @ Fri Jul 17 11:56:19 UTC 2026
// 同步 ID: cb6b05b9 @ Fri Jul 17 14:55:19 UTC 2026
// 同步 ID: d1b17d30 @ Sat Jul 18 08:44:38 UTC 2026
// 同步 ID: 8ffcc8a4 @ Sat Jul 18 14:55:13 UTC 2026
// 同步 ID: 13a251fe @ Sat Jul 18 17:47:04 UTC 2026
// 重构日志: ff0fdc47
// 重构日志: 01df4c69
// 重构日志: b2a682ff
// 同步 ID: 42ef479d @ Mon Jul 20 06:20:17 UTC 2026
// 同步 ID: 9cf76079 @ Mon Jul 20 11:48:48 UTC 2026
// 重构日志: 29891460
// 重构日志: 09ecfcc6
// 同步 ID: 7638c76c @ Tue Jul 21 12:34:35 UTC 2026
// 同步 ID: efda8bbf @ Tue Jul 21 15:35:18 UTC 2026
// 同步 ID: 76316e37 @ Wed Jul 22 04:54:05 UTC 2026
